<?xml version="1.0" encoding="UTF-8"?>
<testng-results ignored="0" total="3" passed="1" failed="2" skipped="0">
  <reporter-output>
    <line>
      <![CDATA[Title is matching: actiTIME - Login]]>
    </line>
    <line>
      <![CDATA[Valid username: admin]]>
    </line>
    <line>
      <![CDATA[Valid password: manager]]>
    </line>
    <line>
      <![CDATA[Title is matching: actiTIME - Enter Time-Track]]>
    </line>
    <line>
      <![CDATA[Title is matching: actiTIME - Login]]>
    </line>
    <line>
      <![CDATA[Title is matching: actiTIME - Login]]>
    </line>
    <line>
      <![CDATA[Invalid username: admin]]>
    </line>
    <line>
      <![CDATA[Invalid password: damange]]>
    </line>
    <line>
      <![CDATA[Element is present............]]>
    </line>
    <line>
      <![CDATA[Actual error messge: Username or Password is invalid. Please try again.]]>
    </line>
    <line>
      <![CDATA[Expected error message: Username or Password is invalid. Please try again.]]>
    </line>
    <line>
      <![CDATA[Error messge is matching......]]>
    </line>
    <line>
      <![CDATA[==================================================]]>
    </line>
    <line>
      <![CDATA[Invalid username: rakesh]]>
    </line>
    <line>
      <![CDATA[Invalid password: manager]]>
    </line>
    <line>
      <![CDATA[Element is present............]]>
    </line>
    <line>
      <![CDATA[Actual error messge: Username or Password is invalid. Please try again.]]>
    </line>
    <line>
      <![CDATA[Expected error message: Username or Password is invalid. Please try again.]]>
    </line>
    <line>
      <![CDATA[Error messge is matching......]]>
    </line>
    <line>
      <![CDATA[==================================================]]>
    </line>
    <line>
      <![CDATA[Invalid username: qspiders]]>
    </line>
    <line>
      <![CDATA[Invalid password: jspiders]]>
    </line>
    <line>
      <![CDATA[Element is present............]]>
    </line>
    <line>
      <![CDATA[Actual error messge: Username or Password is invalid. Please try again.]]>
    </line>
    <line>
      <![CDATA[Expected error message: Username or Password is invalid. Please try again.]]>
    </line>
    <line>
      <![CDATA[Error messge is matching......]]>
    </line>
    <line>
      <![CDATA[==================================================]]>
    </line>
    <line>
      <![CDATA[Invalid username: ]]>
    </line>
    <line>
      <![CDATA[Invalid password: manger]]>
    </line>
    <line>
      <![CDATA[Element is present............]]>
    </line>
    <line>
      <![CDATA[Actual error messge: Username or Password is invalid. Please try again.]]>
    </line>
    <line>
      <![CDATA[Expected error message: Username or Password is invalid. Please try again.]]>
    </line>
    <line>
      <![CDATA[Error messge is matching......]]>
    </line>
    <line>
      <![CDATA[==================================================]]>
    </line>
    <line>
      <![CDATA[Invalid username: admin]]>
    </line>
    <line>
      <![CDATA[Invalid password: ]]>
    </line>
    <line>
      <![CDATA[Element is present............]]>
    </line>
    <line>
      <![CDATA[Actual error messge: Username or Password is invalid. Please try again.]]>
    </line>
    <line>
      <![CDATA[Expected error message: Username or Password is invalid. Please try again.]]>
    </line>
    <line>
      <![CDATA[Error messge is matching......]]>
    </line>
    <line>
      <![CDATA[==================================================]]>
    </line>
    <line>
      <![CDATA[Invalid username: ]]>
    </line>
    <line>
      <![CDATA[Invalid password: ]]>
    </line>
    <line>
      <![CDATA[Element is present............]]>
    </line>
    <line>
      <![CDATA[Actual error messge: Username or Password is invalid. Please try again.]]>
    </line>
    <line>
      <![CDATA[Expected error message: Username or Password is invalid. Please try again.]]>
    </line>
    <line>
      <![CDATA[Error messge is matching......]]>
    </line>
    <line>
      <![CDATA[==================================================]]>
    </line>
    <line>
      <![CDATA[Invalid username: @]]>
    </line>
    <line>
      <![CDATA[Invalid password: #]]>
    </line>
    <line>
      <![CDATA[Element is present............]]>
    </line>
    <line>
      <![CDATA[Actual error messge: Username or Password is invalid. Please try again.]]>
    </line>
    <line>
      <![CDATA[Expected error message: Username or Password is invalid. Please try again.]]>
    </line>
    <line>
      <![CDATA[Error messge is matching......]]>
    </line>
    <line>
      <![CDATA[==================================================]]>
    </line>
    <line>
      <![CDATA[Invalid username: 1]]>
    </line>
    <line>
      <![CDATA[Invalid password: 2]]>
    </line>
    <line>
      <![CDATA[Element is not present......]]>
    </line>
    <line>
      <![CDATA[Title is matching: actiTIME - Login]]>
    </line>
    <line>
      <![CDATA[Element is present............]]>
    </line>
    <line>
      <![CDATA[Actual version: actiTIME 2020 Online]]>
    </line>
    <line>
      <![CDATA[Expected version: actiTIME 2019.2 Pro]]>
    </line>
  </reporter-output>
  <suite started-at="2020-08-16T06:48:12Z" name="Default suite" finished-at="2020-08-16T06:52:49Z" duration-ms="277545">
    <groups>
    </groups>
    <test started-at="2020-08-16T06:48:12Z" name="Default test" finished-at="2020-08-16T06:52:49Z" duration-ms="277545">
      <class name="com.actitime.tests.ValidLoginLogoutTest">
        <test-method is-config="true" signature="preCondition()[pri:0, instance:com.actitime.tests.ValidLoginLogoutTest@d83da2e]" started-at="2020-08-16T06:48:12Z" name="preCondition" finished-at="2020-08-16T06:49:12Z" duration-ms="60297" status="PASS">
          <reporter-output>
          </reporter-output>
        </test-method> <!-- preCondition -->
        <test-method signature="testValidLoginLogout()[pri:1, instance:com.actitime.tests.ValidLoginLogoutTest@d83da2e]" started-at="2020-08-16T06:49:12Z" name="testValidLoginLogout" finished-at="2020-08-16T06:49:45Z" duration-ms="32629" status="PASS">
          <reporter-output>
            <line>
              <![CDATA[Title is matching: actiTIME - Login]]>
            </line>
            <line>
              <![CDATA[Valid username: admin]]>
            </line>
            <line>
              <![CDATA[Valid password: manager]]>
            </line>
            <line>
              <![CDATA[Title is matching: actiTIME - Enter Time-Track]]>
            </line>
            <line>
              <![CDATA[Title is matching: actiTIME - Login]]>
            </line>
          </reporter-output>
        </test-method> <!-- testValidLoginLogout -->
      </class> <!-- com.actitime.tests.ValidLoginLogoutTest -->
      <class name="com.actitime.tests.InvalidLoginTest">
        <test-method is-config="true" signature="preCondition()[pri:0, instance:com.actitime.tests.InvalidLoginTest@a4102b8]" started-at="2020-08-16T06:49:45Z" name="preCondition" finished-at="2020-08-16T06:50:44Z" duration-ms="59515" status="PASS">
          <reporter-output>
          </reporter-output>
        </test-method> <!-- preCondition -->
        <test-method signature="testInvalidLogin()[pri:2, instance:com.actitime.tests.InvalidLoginTest@a4102b8]" started-at="2020-08-16T06:50:44Z" name="testInvalidLogin" finished-at="2020-08-16T06:51:55Z" duration-ms="70711" status="FAIL">
          <exception class="java.lang.AssertionError">
            <message>
              <![CDATA[null]]>
            </message>
            <full-stacktrace>
              <![CDATA[java.lang.AssertionError: null
at org.testng.Assert.fail(Assert.java:96)
at org.testng.Assert.fail(Assert.java:103)
at com.actitime.generic.BasePage.verifyElement(BasePage.java:48)
at com.actitime.pages.LoginPage.verifyErrorMessage(LoginPage.java:58)
at com.actitime.tests.InvalidLoginTest.testInvalidLogin(InvalidLoginTest.java:44)
at java.base/jdk.internal.reflect.NativeMethodAccessorImpl.invoke0(Native Method)
at java.base/jdk.internal.reflect.NativeMethodAccessorImpl.invoke(NativeMethodAccessorImpl.java:62)
at java.base/jdk.internal.reflect.DelegatingMethodAccessorImpl.invoke(DelegatingMethodAccessorImpl.java:43)
at java.base/java.lang.reflect.Method.invoke(Method.java:564)
at org.testng.internal.MethodInvocationHelper.invokeMethod(MethodInvocationHelper.java:124)
at org.testng.internal.Invoker.invokeMethod(Invoker.java:583)
at org.testng.internal.Invoker.invokeTestMethod(Invoker.java:719)
at org.testng.internal.Invoker.invokeTestMethods(Invoker.java:989)
at org.testng.internal.TestMethodWorker.invokeTestMethods(TestMethodWorker.java:125)
at org.testng.internal.TestMethodWorker.run(TestMethodWorker.java:109)
at org.testng.TestRunner.privateRun(TestRunner.java:648)
at org.testng.TestRunner.run(TestRunner.java:505)
at org.testng.SuiteRunner.runTest(SuiteRunner.java:455)
at org.testng.SuiteRunner.runSequentially(SuiteRunner.java:450)
at org.testng.SuiteRunner.privateRun(SuiteRunner.java:415)
at org.testng.SuiteRunner.run(SuiteRunner.java:364)
at org.testng.SuiteRunnerWorker.runSuite(SuiteRunnerWorker.java:52)
at org.testng.SuiteRunnerWorker.run(SuiteRunnerWorker.java:84)
at org.testng.TestNG.runSuitesSequentially(TestNG.java:1208)
at org.testng.TestNG.runSuitesLocally(TestNG.java:1137)
at org.testng.TestNG.runSuites(TestNG.java:1049)
at org.testng.TestNG.run(TestNG.java:1017)
at org.testng.remote.AbstractRemoteTestNG.run(AbstractRemoteTestNG.java:115)
at org.testng.remote.RemoteTestNG.initAndRun(RemoteTestNG.java:251)
at org.testng.remote.RemoteTestNG.main(RemoteTestNG.java:77)
]]>
            </full-stacktrace>
          </exception> <!-- java.lang.AssertionError -->
          <reporter-output>
            <line>
              <![CDATA[Title is matching: actiTIME - Login]]>
            </line>
            <line>
              <![CDATA[Invalid username: admin]]>
            </line>
            <line>
              <![CDATA[Invalid password: damange]]>
            </line>
            <line>
              <![CDATA[Element is present............]]>
            </line>
            <line>
              <![CDATA[Actual error messge: Username or Password is invalid. Please try again.]]>
            </line>
            <line>
              <![CDATA[Expected error message: Username or Password is invalid. Please try again.]]>
            </line>
            <line>
              <![CDATA[Error messge is matching......]]>
            </line>
            <line>
              <![CDATA[==================================================]]>
            </line>
            <line>
              <![CDATA[Invalid username: rakesh]]>
            </line>
            <line>
              <![CDATA[Invalid password: manager]]>
            </line>
            <line>
              <![CDATA[Element is present............]]>
            </line>
            <line>
              <![CDATA[Actual error messge: Username or Password is invalid. Please try again.]]>
            </line>
            <line>
              <![CDATA[Expected error message: Username or Password is invalid. Please try again.]]>
            </line>
            <line>
              <![CDATA[Error messge is matching......]]>
            </line>
            <line>
              <![CDATA[==================================================]]>
            </line>
            <line>
              <![CDATA[Invalid username: qspiders]]>
            </line>
            <line>
              <![CDATA[Invalid password: jspiders]]>
            </line>
            <line>
              <![CDATA[Element is present............]]>
            </line>
            <line>
              <![CDATA[Actual error messge: Username or Password is invalid. Please try again.]]>
            </line>
            <line>
              <![CDATA[Expected error message: Username or Password is invalid. Please try again.]]>
            </line>
            <line>
              <![CDATA[Error messge is matching......]]>
            </line>
            <line>
              <![CDATA[==================================================]]>
            </line>
            <line>
              <![CDATA[Invalid username: ]]>
            </line>
            <line>
              <![CDATA[Invalid password: manger]]>
            </line>
            <line>
              <![CDATA[Element is present............]]>
            </line>
            <line>
              <![CDATA[Actual error messge: Username or Password is invalid. Please try again.]]>
            </line>
            <line>
              <![CDATA[Expected error message: Username or Password is invalid. Please try again.]]>
            </line>
            <line>
              <![CDATA[Error messge is matching......]]>
            </line>
            <line>
              <![CDATA[==================================================]]>
            </line>
            <line>
              <![CDATA[Invalid username: admin]]>
            </line>
            <line>
              <![CDATA[Invalid password: ]]>
            </line>
            <line>
              <![CDATA[Element is present............]]>
            </line>
            <line>
              <![CDATA[Actual error messge: Username or Password is invalid. Please try again.]]>
            </line>
            <line>
              <![CDATA[Expected error message: Username or Password is invalid. Please try again.]]>
            </line>
            <line>
              <![CDATA[Error messge is matching......]]>
            </line>
            <line>
              <![CDATA[==================================================]]>
            </line>
            <line>
              <![CDATA[Invalid username: ]]>
            </line>
            <line>
              <![CDATA[Invalid password: ]]>
            </line>
            <line>
              <![CDATA[Element is present............]]>
            </line>
            <line>
              <![CDATA[Actual error messge: Username or Password is invalid. Please try again.]]>
            </line>
            <line>
              <![CDATA[Expected error message: Username or Password is invalid. Please try again.]]>
            </line>
            <line>
              <![CDATA[Error messge is matching......]]>
            </line>
            <line>
              <![CDATA[==================================================]]>
            </line>
            <line>
              <![CDATA[Invalid username: @]]>
            </line>
            <line>
              <![CDATA[Invalid password: #]]>
            </line>
            <line>
              <![CDATA[Element is present............]]>
            </line>
            <line>
              <![CDATA[Actual error messge: Username or Password is invalid. Please try again.]]>
            </line>
            <line>
              <![CDATA[Expected error message: Username or Password is invalid. Please try again.]]>
            </line>
            <line>
              <![CDATA[Error messge is matching......]]>
            </line>
            <line>
              <![CDATA[==================================================]]>
            </line>
            <line>
              <![CDATA[Invalid username: 1]]>
            </line>
            <line>
              <![CDATA[Invalid password: 2]]>
            </line>
            <line>
              <![CDATA[Element is not present......]]>
            </line>
          </reporter-output>
        </test-method> <!-- testInvalidLogin -->
      </class> <!-- com.actitime.tests.InvalidLoginTest -->
      <class name="com.actitime.tests.VerifyVersionTest">
        <test-method is-config="true" signature="preCondition()[pri:0, instance:com.actitime.tests.VerifyVersionTest@11dc3715]" started-at="2020-08-16T06:51:55Z" name="preCondition" finished-at="2020-08-16T06:52:48Z" duration-ms="53607" status="PASS">
          <reporter-output>
          </reporter-output>
        </test-method> <!-- preCondition -->
        <test-method signature="testVerifyVersion()[pri:3, instance:com.actitime.tests.VerifyVersionTest@11dc3715]" started-at="2020-08-16T06:52:48Z" name="testVerifyVersion" finished-at="2020-08-16T06:52:49Z" duration-ms="640" status="FAIL">
          <exception class="java.lang.AssertionError">
            <message>
              <![CDATA[The following asserts failed:
Version is not matching... expected [actiTIME 2019.2 Pro] but found [actiTIME 2020 Online]]]>
            </message>
            <full-stacktrace>
              <![CDATA[java.lang.AssertionError: The following asserts failed:
Version is not matching... expected [actiTIME 2019.2 Pro] but found [actiTIME 2020 Online]
at org.testng.asserts.SoftAssert.assertAll(SoftAssert.java:43)
at com.actitime.tests.VerifyVersionTest.testVerifyVersion(VerifyVersionTest.java:33)
at java.base/jdk.internal.reflect.NativeMethodAccessorImpl.invoke0(Native Method)
at java.base/jdk.internal.reflect.NativeMethodAccessorImpl.invoke(NativeMethodAccessorImpl.java:62)
at java.base/jdk.internal.reflect.DelegatingMethodAccessorImpl.invoke(DelegatingMethodAccessorImpl.java:43)
at java.base/java.lang.reflect.Method.invoke(Method.java:564)
at org.testng.internal.MethodInvocationHelper.invokeMethod(MethodInvocationHelper.java:124)
at org.testng.internal.Invoker.invokeMethod(Invoker.java:583)
at org.testng.internal.Invoker.invokeTestMethod(Invoker.java:719)
at org.testng.internal.Invoker.invokeTestMethods(Invoker.java:989)
at org.testng.internal.TestMethodWorker.invokeTestMethods(TestMethodWorker.java:125)
at org.testng.internal.TestMethodWorker.run(TestMethodWorker.java:109)
at org.testng.TestRunner.privateRun(TestRunner.java:648)
at org.testng.TestRunner.run(TestRunner.java:505)
at org.testng.SuiteRunner.runTest(SuiteRunner.java:455)
at org.testng.SuiteRunner.runSequentially(SuiteRunner.java:450)
at org.testng.SuiteRunner.privateRun(SuiteRunner.java:415)
at org.testng.SuiteRunner.run(SuiteRunner.java:364)
at org.testng.SuiteRunnerWorker.runSuite(SuiteRunnerWorker.java:52)
at org.testng.SuiteRunnerWorker.run(SuiteRunnerWorker.java:84)
at org.testng.TestNG.runSuitesSequentially(TestNG.java:1208)
at org.testng.TestNG.runSuitesLocally(TestNG.java:1137)
at org.testng.TestNG.runSuites(TestNG.java:1049)
at org.testng.TestNG.run(TestNG.java:1017)
at org.testng.remote.AbstractRemoteTestNG.run(AbstractRemoteTestNG.java:115)
at org.testng.remote.RemoteTestNG.initAndRun(RemoteTestNG.java:251)
at org.testng.remote.RemoteTestNG.main(RemoteTestNG.java:77)
]]>
            </full-stacktrace>
          </exception> <!-- java.lang.AssertionError -->
          <reporter-output>
            <line>
              <![CDATA[Title is matching: actiTIME - Login]]>
            </line>
            <line>
              <![CDATA[Element is present............]]>
            </line>
            <line>
              <![CDATA[Actual version: actiTIME 2020 Online]]>
            </line>
            <line>
              <![CDATA[Expected version: actiTIME 2019.2 Pro]]>
            </line>
          </reporter-output>
        </test-method> <!-- testVerifyVersion -->
      </class> <!-- com.actitime.tests.VerifyVersionTest -->
    </test> <!-- Default test -->
  </suite> <!-- Default suite -->
</testng-results>
